<?xml version="1.0" encoding="UTF-8"?>
<coverage generated="1538094614218" clover="3.2.0">
  <project timestamp="1538094614218" name="All files">
    <metrics statements="24" coveredstatements="23" conditionals="4" coveredconditionals="3" methods="4" coveredmethods="4" elements="32" coveredelements="30" complexity="0" loc="24" ncloc="24" packages="1" files="2" classes="2">
      <file name="linked-list.js" path="/Users/ashabraifrauen/CodeFellows/code401/code-challenge/code-challenge401/ll_kth_from_end/linked-list.js">
        <metrics statements="21" coveredstatements="20" conditionals="4" coveredconditionals="3" methods="3" coveredmethods="3"/>
        <line num="3" count="1" type="stmt"/>
        <line num="5" count="1" type="stmt"/>
        <line num="7" count="2" type="stmt"/>
        <line num="11" count="5" type="stmt"/>
        <line num="13" count="5" type="stmt"/>
        <line num="14" count="5" type="stmt"/>
        <line num="15" count="5" type="stmt"/>
        <line num="19" count="2" type="cond" truecount="2" falsecount="0"/>
        <line num="20" count="1" type="stmt"/>
        <line num="22" count="1" type="cond" truecount="1" falsecount="1"/>
        <line num="23" count="1" type="stmt"/>
        <line num="24" count="1" type="stmt"/>
        <line num="25" count="1" type="stmt"/>
        <line num="26" count="4" type="stmt"/>
        <line num="27" count="4" type="stmt"/>
        <line num="29" count="1" type="stmt"/>
        <line num="30" count="1" type="stmt"/>
        <line num="31" count="1" type="stmt"/>
        <line num="32" count="1" type="stmt"/>
        <line num="34" count="1" type="stmt"/>
        <line num="36" count="0" type="stmt"/>
      </file>
      <file name="node.js" path="/Users/ashabraifrauen/CodeFellows/code401/code-challenge/code-challenge401/ll_kth_from_end/node.js">
        <metrics statements="3" coveredstatements="3" conditionals="0" coveredconditionals="0" methods="1" coveredmethods="1"/>
        <line num="3" count="1" type="stmt"/>
        <line num="5" count="5" type="stmt"/>
        <line num="6" count="5" type="stmt"/>
      </file>
    </metrics>
  </project>
</coverage>
