<?xml version="1.0" encoding="UTF-8"?>
<coverage generated="1537337703266" clover="3.2.0">
  <project timestamp="1537337703266" name="All files">
    <metrics statements="28" coveredstatements="13" conditionals="8" coveredconditionals="2" methods="4" coveredmethods="4" elements="40" coveredelements="19" complexity="0" loc="28" ncloc="28" packages="1" files="2" classes="2">
      <file name="linked-list.js" path="/Users/ashabraifrauen/CodeFellows/code401/code-challenge/code-challenge401/ll_kth_from_end/linked-list.js">
        <metrics statements="25" coveredstatements="10" conditionals="8" coveredconditionals="2" methods="3" coveredmethods="3"/>
        <line num="3" count="1" type="stmt"/>
        <line num="5" count="1" type="stmt"/>
        <line num="7" count="1" type="stmt"/>
        <line num="11" count="5" type="stmt"/>
        <line num="13" count="5" type="stmt"/>
        <line num="14" count="5" type="stmt"/>
        <line num="15" count="5" type="stmt"/>
        <line num="19" count="3" type="cond" truecount="1" falsecount="1"/>
        <line num="20" count="0" type="stmt"/>
        <line num="22" count="3" type="cond" truecount="1" falsecount="1"/>
        <line num="23" count="3" type="stmt"/>
        <line num="25" count="0" type="stmt"/>
        <line num="26" count="0" type="stmt"/>
        <line num="27" count="0" type="stmt"/>
        <line num="28" count="0" type="stmt"/>
        <line num="29" count="0" type="stmt"/>
        <line num="31" count="0" type="cond" truecount="0" falsecount="2"/>
        <line num="32" count="0" type="stmt"/>
        <line num="34" count="0" type="stmt"/>
        <line num="35" count="0" type="stmt"/>
        <line num="36" count="0" type="stmt"/>
        <line num="37" count="0" type="cond" truecount="0" falsecount="2"/>
        <line num="38" count="0" type="stmt"/>
        <line num="40" count="0" type="stmt"/>
        <line num="42" count="0" type="stmt"/>
      </file>
      <file name="node.js" path="/Users/ashabraifrauen/CodeFellows/code401/code-challenge/code-challenge401/ll_kth_from_end/node.js">
        <metrics statements="3" coveredstatements="3" conditionals="0" coveredconditionals="0" methods="1" coveredmethods="1"/>
        <line num="3" count="1" type="stmt"/>
        <line num="5" count="5" type="stmt"/>
        <line num="6" count="5" type="stmt"/>
      </file>
    </metrics>
  </project>
</coverage>
