{"/Users/ashabraifrauen/CodeFellows/code401/code-challenge/code-challenge401/ll_kth_from_end/linked-list.js": {"path":"/Users/ashabraifrauen/CodeFellows/code401/code-challenge/code-challenge401/ll_kth_from_end/linked-list.js","statementMap":{"0":{"start":{"line":3,"column":13},"end":{"line":3,"column":30}},"1":{"start":{"line":5,"column":0},"end":{"line":38,"column":2}},"2":{"start":{"line":7,"column":4},"end":{"line":7,"column":21}},"3":{"start":{"line":11,"column":17},"end":{"line":11,"column":32}},"4":{"start":{"line":13,"column":4},"end":{"line":13,"column":26}},"5":{"start":{"line":14,"column":4},"end":{"line":14,"column":21}},"6":{"start":{"line":15,"column":4},"end":{"line":15,"column":16}},"7":{"start":{"line":19,"column":4},"end":{"line":21,"column":5}},"8":{"start":{"line":20,"column":6},"end":{"line":20,"column":18}},"9":{"start":{"line":22,"column":4},"end":{"line":35,"column":5}},"10":{"start":{"line":23,"column":20},"end":{"line":23,"column":21}},"11":{"start":{"line":24,"column":24},"end":{"line":24,"column":33}},"12":{"start":{"line":25,"column":6},"end":{"line":28,"column":7}},"13":{"start":{"line":26,"column":8},"end":{"line":26,"column":39}},"14":{"start":{"line":27,"column":8},"end":{"line":27,"column":21}},"15":{"start":{"line":29,"column":27},"end":{"line":29,"column":46}},"16":{"start":{"line":30,"column":6},"end":{"line":30,"column":30}},"17":{"start":{"line":31,"column":6},"end":{"line":33,"column":7}},"18":{"start":{"line":32,"column":8},"end":{"line":32,"column":39}},"19":{"start":{"line":34,"column":6},"end":{"line":34,"column":31}},"20":{"start":{"line":36,"column":4},"end":{"line":36,"column":21}}},"fnMap":{"0":{"name":"(anonymous_0)","decl":{"start":{"line":6,"column":2},"end":{"line":6,"column":3}},"loc":{"start":{"line":6,"column":16},"end":{"line":8,"column":3}},"line":6},"1":{"name":"(anonymous_1)","decl":{"start":{"line":10,"column":2},"end":{"line":10,"column":3}},"loc":{"start":{"line":10,"column":22},"end":{"line":16,"column":3}},"line":10},"2":{"name":"(anonymous_2)","decl":{"start":{"line":18,"column":2},"end":{"line":18,"column":3}},"loc":{"start":{"line":18,"column":27},"end":{"line":37,"column":3}},"line":18}},"branchMap":{"0":{"loc":{"start":{"line":19,"column":4},"end":{"line":21,"column":5}},"type":"if","locations":[{"start":{"line":19,"column":4},"end":{"line":21,"column":5}},{"start":{"line":19,"column":4},"end":{"line":21,"column":5}}],"line":19},"1":{"loc":{"start":{"line":22,"column":4},"end":{"line":35,"column":5}},"type":"if","locations":[{"start":{"line":22,"column":4},"end":{"line":35,"column":5}},{"start":{"line":22,"column":4},"end":{"line":35,"column":5}}],"line":22}},"s":{"0":1,"1":1,"2":2,"3":5,"4":5,"5":5,"6":5,"7":2,"8":1,"9":1,"10":1,"11":1,"12":1,"13":4,"14":4,"15":1,"16":1,"17":1,"18":1,"19":1,"20":0},"f":{"0":2,"1":5,"2":2},"b":{"0":[1,1],"1":[1,0]},"_coverageSchema":"332fd63041d2c1bcb487cc26dd0d5f7d97098a6c","hash":"9df5cc27208f339a59c969012e84251015bb3432"}
,"/Users/ashabraifrauen/CodeFellows/code401/code-challenge/code-challenge401/ll_kth_from_end/node.js": {"path":"/Users/ashabraifrauen/CodeFellows/code401/code-challenge/code-challenge401/ll_kth_from_end/node.js","statementMap":{"0":{"start":{"line":3,"column":0},"end":{"line":8,"column":2}},"1":{"start":{"line":5,"column":4},"end":{"line":5,"column":23}},"2":{"start":{"line":6,"column":4},"end":{"line":6,"column":21}}},"fnMap":{"0":{"name":"(anonymous_0)","decl":{"start":{"line":4,"column":2},"end":{"line":4,"column":3}},"loc":{"start":{"line":4,"column":21},"end":{"line":7,"column":3}},"line":4}},"branchMap":{},"s":{"0":1,"1":5,"2":5},"f":{"0":5},"b":{},"_coverageSchema":"332fd63041d2c1bcb487cc26dd0d5f7d97098a6c","hash":"86be9abe5f0e4a3dcb771c6dfdcbd65b9c6a72bb"}
}
