TN:
SF:/Users/ashabraifrauen/CodeFellows/code401/code-challenge/code-challenge401/ll_kth_from_end/linked-list.js
FN:6,(anonymous_0)
FN:10,(anonymous_1)
FN:18,(anonymous_2)
FNF:3
FNH:3
FNDA:2,(anonymous_0)
FNDA:5,(anonymous_1)
FNDA:2,(anonymous_2)
DA:3,1
DA:5,1
DA:7,2
DA:11,5
DA:13,5
DA:14,5
DA:15,5
DA:19,2
DA:20,1
DA:22,1
DA:23,1
DA:24,1
DA:25,1
DA:26,4
DA:27,4
DA:29,1
DA:30,1
DA:31,1
DA:32,1
DA:34,1
DA:36,0
LF:21
LH:20
BRDA:19,0,0,1
BRDA:19,0,1,1
BRDA:22,1,0,1
BRDA:22,1,1,0
BRF:4
BRH:3
end_of_record
TN:
SF:/Users/ashabraifrauen/CodeFellows/code401/code-challenge/code-challenge401/ll_kth_from_end/node.js
FN:4,(anonymous_0)
FNF:1
FNH:1
FNDA:5,(anonymous_0)
DA:3,1
DA:5,5
DA:6,5
LF:3
LH:3
BRF:0
BRH:0
end_of_record
