TN:
SF:/Users/ashabraifrauen/CodeFellows/code401/code-challenge/code-challenge401/ll_insertions/lib/insertions.js
FN:6,(anonymous_0)
FN:10,(anonymous_1)
FN:17,(anonymous_2)
FNF:3
FNH:3
FNDA:2,(anonymous_0)
FNDA:5,(anonymous_1)
FNDA:2,(anonymous_2)
DA:3,1
DA:5,1
DA:7,2
DA:11,5
DA:12,5
DA:13,5
DA:14,5
DA:18,2
DA:19,2
DA:20,1
DA:22,1
DA:23,1
DA:24,4
DA:26,1
DA:27,1
LF:15
LH:15
BRDA:19,0,0,1
BRDA:19,0,1,1
BRF:2
BRH:2
end_of_record
TN:
SF:/Users/ashabraifrauen/CodeFellows/code401/code-challenge/code-challenge401/ll_insertions/lib/node.js
FN:4,(anonymous_0)
FNF:1
FNH:1
FNDA:7,(anonymous_0)
DA:3,1
DA:5,7
DA:6,7
LF:3
LH:3
BRF:0
BRH:0
end_of_record
